<?xml version="1.0" encoding="UTF-8"?>
<!-- Generated by org.testng.reporters.JUnitReportReporter -->
<testsuite hostname="LAPTOP-AFSAN" failures="0" tests="1" name="test.LoginTest" time="12.258" errors="0" timestamp="12 Apr 2019 04:43:48 GMT">
  <testcase classname="test.LoginTest" name="TechfiosLoginTest" time="12.258"/>
</testsuite> <!-- test.LoginTest -->
